\BOOKMARK [0][-]{chapter*.5}{Introduction}{}% 1
\BOOKMARK [0][-]{chapter.1}{Chapter 1: Reaction-Diffusion Systems}{}% 2
\BOOKMARK [1][-]{section.1.1}{The Gray-Scott model}{chapter.1}% 3
\BOOKMARK [1][-]{section.1.2}{Numerical simulation}{chapter.1}% 4
\BOOKMARK [0][-]{chapter.2}{Chapter 2: Computational Homology}{}% 5
\BOOKMARK [1][-]{section.2.1}{Homology overview}{chapter.2}% 6
\BOOKMARK [1][-]{section.2.2}{Cubical homology}{chapter.2}% 7
\BOOKMARK [0][-]{chapter.3}{Chapter 3: Methods and Procedures}{}% 8
\BOOKMARK [1][-]{section.3.1}{Obtaining Betti numbers}{chapter.3}% 9
\BOOKMARK [2][-]{subsection.3.1.1}{Thresholding}{section.3.1}% 10
\BOOKMARK [2][-]{subsection.3.1.2}{Computational homology}{section.3.1}% 11
\BOOKMARK [1][-]{section.3.2}{Calculating entropy}{chapter.3}% 12
\BOOKMARK [0][-]{chapter.4}{Chapter 4: Results}{}% 13
\BOOKMARK [1][-]{section.4.1}{Entropy maps}{chapter.4}% 14
\BOOKMARK [1][-]{section.4.2}{Transient states}{chapter.4}% 15
\BOOKMARK [1][-]{section.4.3}{Domain size}{chapter.4}% 16
\BOOKMARK [1][-]{section.4.4}{Other systems}{chapter.4}% 17
\BOOKMARK [0][-]{chapter*.29}{Conclusion}{}% 18
\BOOKMARK [0][-]{appendix.A}{Appendix A: Supplemental Information}{}% 19
\BOOKMARK [1][-]{section.A.1}{Extra definitions and theorems}{appendix.A}% 20
\BOOKMARK [1][-]{section.A.2}{Gray-Scott simulation code}{appendix.A}% 21
\BOOKMARK [0][-]{appendix*.30}{References}{}% 22
